This is pdfTeX, Version 3.1415926-2.5-1.40.14 (TeX Live 2013/Debian) (format=pdflatex 2017.1.8)  11 JAN 2017 17:23
entering extended mode
 restricted \write18 enabled.
 %&-line parsing enabled.
**report.tex
(./report.tex
LaTeX2e <2011/06/27>
Babel <3.9h> and hyphenation patterns for 78 languages loaded.
(/usr/share/texlive/texmf-dist/tex/latex/base/article.cls
Document Class: article 2007/10/19 v1.4h Standard LaTeX document class
(/usr/share/texlive/texmf-dist/tex/latex/base/size12.clo
File: size12.clo 2007/10/19 v1.4h Standard LaTeX file (size option)
)
\c@part=\count79
\c@section=\count80
\c@subsection=\count81
\c@subsubsection=\count82
\c@paragraph=\count83
\c@subparagraph=\count84
\c@figure=\count85
\c@table=\count86
\abovecaptionskip=\skip41
\belowcaptionskip=\skip42
\bibindent=\dimen102
)
(/usr/share/texlive/texmf-dist/tex/latex/base/makeidx.sty
Package: makeidx 2000/03/29 v1.0m Standard LaTeX package
)
(/usr/share/texlive/texmf-dist/tex/latex/geometry/geometry.sty
Package: geometry 2010/09/12 v5.6 Page Geometry

(/usr/share/texlive/texmf-dist/tex/latex/graphics/keyval.sty
Package: keyval 1999/03/16 v1.13 key=value parser (DPC)
\KV@toks@=\toks14
)
(/usr/share/texlive/texmf-dist/tex/generic/oberdiek/ifpdf.sty
Package: ifpdf 2011/01/30 v2.3 Provides the ifpdf switch (HO)
Package ifpdf Info: pdfTeX in PDF mode is detected.
)
(/usr/share/texlive/texmf-dist/tex/generic/oberdiek/ifvtex.sty
Package: ifvtex 2010/03/01 v1.5 Detect VTeX and its facilities (HO)
Package ifvtex Info: VTeX not detected.
)
(/usr/share/texlive/texmf-dist/tex/generic/ifxetex/ifxetex.sty
Package: ifxetex 2010/09/12 v0.6 Provides ifxetex conditional
)
\Gm@cnth=\count87
\Gm@cntv=\count88
\c@Gm@tempcnt=\count89
\Gm@bindingoffset=\dimen103
\Gm@wd@mp=\dimen104
\Gm@odd@mp=\dimen105
\Gm@even@mp=\dimen106
\Gm@layoutwidth=\dimen107
\Gm@layoutheight=\dimen108
\Gm@layouthoffset=\dimen109
\Gm@layoutvoffset=\dimen110
\Gm@dimlist=\toks15
)
(/usr/share/texlive/texmf-dist/tex/latex/graphics/graphicx.sty
Package: graphicx 1999/02/16 v1.0f Enhanced LaTeX Graphics (DPC,SPQR)

(/usr/share/texlive/texmf-dist/tex/latex/graphics/graphics.sty
Package: graphics 2009/02/05 v1.0o Standard LaTeX Graphics (DPC,SPQR)

(/usr/share/texlive/texmf-dist/tex/latex/graphics/trig.sty
Package: trig 1999/03/16 v1.09 sin cos tan (DPC)
)
(/usr/share/texlive/texmf-dist/tex/latex/latexconfig/graphics.cfg
File: graphics.cfg 2010/04/23 v1.9 graphics configuration of TeX Live
)
Package graphics Info: Driver file: pdftex.def on input line 91.

(/usr/share/texlive/texmf-dist/tex/latex/pdftex-def/pdftex.def
File: pdftex.def 2011/05/27 v0.06d Graphics/color for pdfTeX

(/usr/share/texlive/texmf-dist/tex/generic/oberdiek/infwarerr.sty
Package: infwarerr 2010/04/08 v1.3 Providing info/warning/error messages (HO)
)
(/usr/share/texlive/texmf-dist/tex/generic/oberdiek/ltxcmds.sty
Package: ltxcmds 2011/11/09 v1.22 LaTeX kernel commands for general use (HO)
)
\Gread@gobject=\count90
))
\Gin@req@height=\dimen111
\Gin@req@width=\dimen112
)
(/usr/share/texlive/texmf-dist/tex/latex/amsmath/amsmath.sty
Package: amsmath 2013/01/14 v2.14 AMS math features
\@mathmargin=\skip43

For additional information on amsmath, use the `?' option.
(/usr/share/texlive/texmf-dist/tex/latex/amsmath/amstext.sty
Package: amstext 2000/06/29 v2.01

(/usr/share/texlive/texmf-dist/tex/latex/amsmath/amsgen.sty
File: amsgen.sty 1999/11/30 v2.0
\@emptytoks=\toks16
\ex@=\dimen113
))
(/usr/share/texlive/texmf-dist/tex/latex/amsmath/amsbsy.sty
Package: amsbsy 1999/11/29 v1.2d
\pmbraise@=\dimen114
)
(/usr/share/texlive/texmf-dist/tex/latex/amsmath/amsopn.sty
Package: amsopn 1999/12/14 v2.01 operator names
)
\inf@bad=\count91
LaTeX Info: Redefining \frac on input line 210.
\uproot@=\count92
\leftroot@=\count93
LaTeX Info: Redefining \overline on input line 306.
\classnum@=\count94
\DOTSCASE@=\count95
LaTeX Info: Redefining \ldots on input line 378.
LaTeX Info: Redefining \dots on input line 381.
LaTeX Info: Redefining \cdots on input line 466.
\Mathstrutbox@=\box26
\strutbox@=\box27
\big@size=\dimen115
LaTeX Font Info:    Redeclaring font encoding OML on input line 566.
LaTeX Font Info:    Redeclaring font encoding OMS on input line 567.
\macc@depth=\count96
\c@MaxMatrixCols=\count97
\dotsspace@=\muskip10
\c@parentequation=\count98
\dspbrk@lvl=\count99
\tag@help=\toks17
\row@=\count100
\column@=\count101
\maxfields@=\count102
\andhelp@=\toks18
\eqnshift@=\dimen116
\alignsep@=\dimen117
\tagshift@=\dimen118
\tagwidth@=\dimen119
\totwidth@=\dimen120
\lineht@=\dimen121
\@envbody=\toks19
\multlinegap=\skip44
\multlinetaggap=\skip45
\mathdisplay@stack=\toks20
LaTeX Info: Redefining \[ on input line 2665.
LaTeX Info: Redefining \] on input line 2666.
)
(/usr/share/texlive/texmf-dist/tex/latex/amsfonts/amsfonts.sty
Package: amsfonts 2013/01/14 v3.01 Basic AMSFonts support
\symAMSa=\mathgroup4
\symAMSb=\mathgroup5
LaTeX Font Info:    Overwriting math alphabet `\mathfrak' in version `bold'
(Font)                  U/euf/m/n --> U/euf/b/n on input line 106.
)
(/usr/share/texlive/texmf-dist/tex/latex/amscls/amsthm.sty
Package: amsthm 2004/08/06 v2.20
\thm@style=\toks21
\thm@bodyfont=\toks22
\thm@headfont=\toks23
\thm@notefont=\toks24
\thm@headpunct=\toks25
\thm@preskip=\skip46
\thm@postskip=\skip47
\thm@headsep=\skip48
\dth@everypar=\toks26
)
(/usr/share/texlive/texmf-dist/tex/latex/base/inputenc.sty
Package: inputenc 2008/03/30 v1.1d Input encoding file
\inpenc@prehook=\toks27
\inpenc@posthook=\toks28

(/usr/share/texlive/texmf-dist/tex/latex/base/utf8.def
File: utf8.def 2008/04/05 v1.1m UTF-8 support for inputenc
Now handling font encoding OML ...
... no UTF-8 mapping file for font encoding OML
Now handling font encoding T1 ...
... processing UTF-8 mapping file for font encoding T1

(/usr/share/texlive/texmf-dist/tex/latex/base/t1enc.dfu
File: t1enc.dfu 2008/04/05 v1.1m UTF-8 support for inputenc
   defining Unicode char U+00A1 (decimal 161)
   defining Unicode char U+00A3 (decimal 163)
   defining Unicode char U+00AB (decimal 171)
   defining Unicode char U+00BB (decimal 187)
   defining Unicode char U+00BF (decimal 191)
   defining Unicode char U+00C0 (decimal 192)
   defining Unicode char U+00C1 (decimal 193)
   defining Unicode char U+00C2 (decimal 194)
   defining Unicode char U+00C3 (decimal 195)
   defining Unicode char U+00C4 (decimal 196)
   defining Unicode char U+00C5 (decimal 197)
   defining Unicode char U+00C6 (decimal 198)
   defining Unicode char U+00C7 (decimal 199)
   defining Unicode char U+00C8 (decimal 200)
   defining Unicode char U+00C9 (decimal 201)
   defining Unicode char U+00CA (decimal 202)
   defining Unicode char U+00CB (decimal 203)
   defining Unicode char U+00CC (decimal 204)
   defining Unicode char U+00CD (decimal 205)
   defining Unicode char U+00CE (decimal 206)
   defining Unicode char U+00CF (decimal 207)
   defining Unicode char U+00D0 (decimal 208)
   defining Unicode char U+00D1 (decimal 209)
   defining Unicode char U+00D2 (decimal 210)
   defining Unicode char U+00D3 (decimal 211)
   defining Unicode char U+00D4 (decimal 212)
   defining Unicode char U+00D5 (decimal 213)
   defining Unicode char U+00D6 (decimal 214)
   defining Unicode char U+00D8 (decimal 216)
   defining Unicode char U+00D9 (decimal 217)
   defining Unicode char U+00DA (decimal 218)
   defining Unicode char U+00DB (decimal 219)
   defining Unicode char U+00DC (decimal 220)
   defining Unicode char U+00DD (decimal 221)
   defining Unicode char U+00DE (decimal 222)
   defining Unicode char U+00DF (decimal 223)
   defining Unicode char U+00E0 (decimal 224)
   defining Unicode char U+00E1 (decimal 225)
   defining Unicode char U+00E2 (decimal 226)
   defining Unicode char U+00E3 (decimal 227)
   defining Unicode char U+00E4 (decimal 228)
   defining Unicode char U+00E5 (decimal 229)
   defining Unicode char U+00E6 (decimal 230)
   defining Unicode char U+00E7 (decimal 231)
   defining Unicode char U+00E8 (decimal 232)
   defining Unicode char U+00E9 (decimal 233)
   defining Unicode char U+00EA (decimal 234)
   defining Unicode char U+00EB (decimal 235)
   defining Unicode char U+00EC (decimal 236)
   defining Unicode char U+00ED (decimal 237)
   defining Unicode char U+00EE (decimal 238)
   defining Unicode char U+00EF (decimal 239)
   defining Unicode char U+00F0 (decimal 240)
   defining Unicode char U+00F1 (decimal 241)
   defining Unicode char U+00F2 (decimal 242)
   defining Unicode char U+00F3 (decimal 243)
   defining Unicode char U+00F4 (decimal 244)
   defining Unicode char U+00F5 (decimal 245)
   defining Unicode char U+00F6 (decimal 246)
   defining Unicode char U+00F8 (decimal 248)
   defining Unicode char U+00F9 (decimal 249)
   defining Unicode char U+00FA (decimal 250)
   defining Unicode char U+00FB (decimal 251)
   defining Unicode char U+00FC (decimal 252)
   defining Unicode char U+00FD (decimal 253)
   defining Unicode char U+00FE (decimal 254)
   defining Unicode char U+00FF (decimal 255)
   defining Unicode char U+0102 (decimal 258)
   defining Unicode char U+0103 (decimal 259)
   defining Unicode char U+0104 (decimal 260)
   defining Unicode char U+0105 (decimal 261)
   defining Unicode char U+0106 (decimal 262)
   defining Unicode char U+0107 (decimal 263)
   defining Unicode char U+010C (decimal 268)
   defining Unicode char U+010D (decimal 269)
   defining Unicode char U+010E (decimal 270)
   defining Unicode char U+010F (decimal 271)
   defining Unicode char U+0110 (decimal 272)
   defining Unicode char U+0111 (decimal 273)
   defining Unicode char U+0118 (decimal 280)
   defining Unicode char U+0119 (decimal 281)
   defining Unicode char U+011A (decimal 282)
   defining Unicode char U+011B (decimal 283)
   defining Unicode char U+011E (decimal 286)
   defining Unicode char U+011F (decimal 287)
   defining Unicode char U+0130 (decimal 304)
   defining Unicode char U+0131 (decimal 305)
   defining Unicode char U+0132 (decimal 306)
   defining Unicode char U+0133 (decimal 307)
   defining Unicode char U+0139 (decimal 313)
   defining Unicode char U+013A (decimal 314)
   defining Unicode char U+013D (decimal 317)
   defining Unicode char U+013E (decimal 318)
   defining Unicode char U+0141 (decimal 321)
   defining Unicode char U+0142 (decimal 322)
   defining Unicode char U+0143 (decimal 323)
   defining Unicode char U+0144 (decimal 324)
   defining Unicode char U+0147 (decimal 327)
   defining Unicode char U+0148 (decimal 328)
   defining Unicode char U+014A (decimal 330)
   defining Unicode char U+014B (decimal 331)
   defining Unicode char U+0150 (decimal 336)
   defining Unicode char U+0151 (decimal 337)
   defining Unicode char U+0152 (decimal 338)
   defining Unicode char U+0153 (decimal 339)
   defining Unicode char U+0154 (decimal 340)
   defining Unicode char U+0155 (decimal 341)
   defining Unicode char U+0158 (decimal 344)
   defining Unicode char U+0159 (decimal 345)
   defining Unicode char U+015A (decimal 346)
   defining Unicode char U+015B (decimal 347)
   defining Unicode char U+015E (decimal 350)
   defining Unicode char U+015F (decimal 351)
   defining Unicode char U+0160 (decimal 352)
   defining Unicode char U+0161 (decimal 353)
   defining Unicode char U+0162 (decimal 354)
   defining Unicode char U+0163 (decimal 355)
   defining Unicode char U+0164 (decimal 356)
   defining Unicode char U+0165 (decimal 357)
   defining Unicode char U+016E (decimal 366)
   defining Unicode char U+016F (decimal 367)
   defining Unicode char U+0170 (decimal 368)
   defining Unicode char U+0171 (decimal 369)
   defining Unicode char U+0178 (decimal 376)
   defining Unicode char U+0179 (decimal 377)
   defining Unicode char U+017A (decimal 378)
   defining Unicode char U+017B (decimal 379)
   defining Unicode char U+017C (decimal 380)
   defining Unicode char U+017D (decimal 381)
   defining Unicode char U+017E (decimal 382)
   defining Unicode char U+200C (decimal 8204)
   defining Unicode char U+2013 (decimal 8211)
   defining Unicode char U+2014 (decimal 8212)
   defining Unicode char U+2018 (decimal 8216)
   defining Unicode char U+2019 (decimal 8217)
   defining Unicode char U+201A (decimal 8218)
   defining Unicode char U+201C (decimal 8220)
   defining Unicode char U+201D (decimal 8221)
   defining Unicode char U+201E (decimal 8222)
   defining Unicode char U+2030 (decimal 8240)
   defining Unicode char U+2031 (decimal 8241)
   defining Unicode char U+2039 (decimal 8249)
   defining Unicode char U+203A (decimal 8250)
   defining Unicode char U+2423 (decimal 9251)
)
Now handling font encoding OT1 ...
... processing UTF-8 mapping file for font encoding OT1

(/usr/share/texlive/texmf-dist/tex/latex/base/ot1enc.dfu
File: ot1enc.dfu 2008/04/05 v1.1m UTF-8 support for inputenc
   defining Unicode char U+00A1 (decimal 161)
   defining Unicode char U+00A3 (decimal 163)
   defining Unicode char U+00B8 (decimal 184)
   defining Unicode char U+00BF (decimal 191)
   defining Unicode char U+00C5 (decimal 197)
   defining Unicode char U+00C6 (decimal 198)
   defining Unicode char U+00D8 (decimal 216)
   defining Unicode char U+00DF (decimal 223)
   defining Unicode char U+00E6 (decimal 230)
   defining Unicode char U+00EC (decimal 236)
   defining Unicode char U+00ED (decimal 237)
   defining Unicode char U+00EE (decimal 238)
   defining Unicode char U+00EF (decimal 239)
   defining Unicode char U+00F8 (decimal 248)
   defining Unicode char U+0131 (decimal 305)
   defining Unicode char U+0141 (decimal 321)
   defining Unicode char U+0142 (decimal 322)
   defining Unicode char U+0152 (decimal 338)
   defining Unicode char U+0153 (decimal 339)
   defining Unicode char U+2013 (decimal 8211)
   defining Unicode char U+2014 (decimal 8212)
   defining Unicode char U+2018 (decimal 8216)
   defining Unicode char U+2019 (decimal 8217)
   defining Unicode char U+201C (decimal 8220)
   defining Unicode char U+201D (decimal 8221)
)
Now handling font encoding OMS ...
... processing UTF-8 mapping file for font encoding OMS

(/usr/share/texlive/texmf-dist/tex/latex/base/omsenc.dfu
File: omsenc.dfu 2008/04/05 v1.1m UTF-8 support for inputenc
   defining Unicode char U+00A7 (decimal 167)
   defining Unicode char U+00B6 (decimal 182)
   defining Unicode char U+00B7 (decimal 183)
   defining Unicode char U+2020 (decimal 8224)
   defining Unicode char U+2021 (decimal 8225)
   defining Unicode char U+2022 (decimal 8226)
)
Now handling font encoding OMX ...
... no UTF-8 mapping file for font encoding OMX
Now handling font encoding U ...
... no UTF-8 mapping file for font encoding U
   defining Unicode char U+00A9 (decimal 169)
   defining Unicode char U+00AA (decimal 170)
   defining Unicode char U+00AE (decimal 174)
   defining Unicode char U+00BA (decimal 186)
   defining Unicode char U+02C6 (decimal 710)
   defining Unicode char U+02DC (decimal 732)
   defining Unicode char U+200C (decimal 8204)
   defining Unicode char U+2026 (decimal 8230)
   defining Unicode char U+2122 (decimal 8482)
   defining Unicode char U+2423 (decimal 9251)
))
(/usr/share/texlive/texmf-dist/tex/latex/wrapfig/wrapfig.sty
\wrapoverhang=\dimen122
\WF@size=\dimen123
\c@WF@wrappedlines=\count103
\WF@box=\box28
\WF@everypar=\toks29
Package: wrapfig 2003/01/31  v 3.6
)
(/usr/share/texlive/texmf-dist/tex/latex/listings/listings.sty
\lst@mode=\count104
\lst@gtempboxa=\box29
\lst@token=\toks30
\lst@length=\count105
\lst@currlwidth=\dimen124
\lst@column=\count106
\lst@pos=\count107
\lst@lostspace=\dimen125
\lst@width=\dimen126
\lst@newlines=\count108
\lst@lineno=\count109
\lst@maxwidth=\dimen127

(/usr/share/texlive/texmf-dist/tex/latex/listings/lstmisc.sty
File: lstmisc.sty 2013/08/26 1.5b (Carsten Heinz)
\c@lstnumber=\count110
\lst@skipnumbers=\count111
\lst@framebox=\box30
)
(/usr/share/texlive/texmf-dist/tex/latex/listings/listings.cfg
File: listings.cfg 2013/08/26 1.5b listings configuration
))
Package: listings 2013/08/26 1.5b (Carsten Heinz)

(/usr/share/texlive/texmf-dist/tex/generic/babel/babel.sty
Package: babel 2013/12/03 3.9h The Babel package

(/usr/share/texlive/texmf-dist/tex/generic/babel-english/english.ldf
Language: english 2012/08/20 v3.3p English support from the babel system

(/usr/share/texlive/texmf-dist/tex/generic/babel/babel.def
File: babel.def 2013/12/03 3.9h Babel common definitions
\babel@savecnt=\count112
\U@D=\dimen128
)
\l@canadian = a dialect from \language\l@american 
\l@australian = a dialect from \language\l@british 
\l@newzealand = a dialect from \language\l@british 
))
(/usr/share/texlive/texmf-dist/tex/latex/graphics/color.sty
Package: color 2005/11/14 v1.0j Standard LaTeX Color (DPC)

(/usr/share/texlive/texmf-dist/tex/latex/latexconfig/color.cfg
File: color.cfg 2007/01/18 v1.5 color configuration of teTeX/TeXLive
)
Package color Info: Driver file: pdftex.def on input line 130.
)
(/usr/share/texlive/texmf-dist/tex/latex/import/import.sty
Package: import 2009/03/23  v 5.1
) (./report.aux)
\openout1 = `report.aux'.

LaTeX Font Info:    Checking defaults for OML/cmm/m/it on input line 19.
LaTeX Font Info:    ... okay on input line 19.
LaTeX Font Info:    Checking defaults for T1/cmr/m/n on input line 19.
LaTeX Font Info:    ... okay on input line 19.
LaTeX Font Info:    Checking defaults for OT1/cmr/m/n on input line 19.
LaTeX Font Info:    ... okay on input line 19.
LaTeX Font Info:    Checking defaults for OMS/cmsy/m/n on input line 19.
LaTeX Font Info:    ... okay on input line 19.
LaTeX Font Info:    Checking defaults for OMX/cmex/m/n on input line 19.
LaTeX Font Info:    ... okay on input line 19.
LaTeX Font Info:    Checking defaults for U/cmr/m/n on input line 19.
LaTeX Font Info:    ... okay on input line 19.

*geometry* driver: auto-detecting
*geometry* detected driver: pdftex
*geometry* verbose mode - [ preamble ] result:
* driver: pdftex
* paper: <default>
* layout: <same size as paper>
* layoutoffset:(h,v)=(0.0pt,0.0pt)
* modes: 
* h-part:(L,W,R)=(72.26999pt, 469.75502pt, 72.26999pt)
* v-part:(T,H,B)=(72.26999pt, 650.43001pt, 72.26999pt)
* \paperwidth=614.295pt
* \paperheight=794.96999pt
* \textwidth=469.75502pt
* \textheight=650.43001pt
* \oddsidemargin=0.0pt
* \evensidemargin=0.0pt
* \topmargin=-37.0pt
* \headheight=12.0pt
* \headsep=25.0pt
* \topskip=12.0pt
* \footskip=30.0pt
* \marginparwidth=44.0pt
* \marginparsep=10.0pt
* \columnsep=10.0pt
* \skip\footins=10.8pt plus 4.0pt minus 2.0pt
* \hoffset=0.0pt
* \voffset=0.0pt
* \mag=1000
* \@twocolumnfalse
* \@twosidefalse
* \@mparswitchfalse
* \@reversemarginfalse
* (1in=72.27pt=25.4mm, 1cm=28.453pt)

(/usr/share/texlive/texmf-dist/tex/context/base/supp-pdf.mkii
[Loading MPS to PDF converter (version 2006.09.02).]
\scratchcounter=\count113
\scratchdimen=\dimen129
\scratchbox=\box31
\nofMPsegments=\count114
\nofMParguments=\count115
\everyMPshowfont=\toks31
\MPscratchCnt=\count116
\MPscratchDim=\dimen130
\MPnumerator=\count117
\makeMPintoPDFobject=\count118
\everyMPtoPDFconversion=\toks32
) (/usr/share/texlive/texmf-dist/tex/generic/oberdiek/pdftexcmds.sty
Package: pdftexcmds 2011/11/29 v0.20 Utility functions of pdfTeX for LuaTeX (HO
)

(/usr/share/texlive/texmf-dist/tex/generic/oberdiek/ifluatex.sty
Package: ifluatex 2010/03/01 v1.3 Provides the ifluatex switch (HO)
Package ifluatex Info: LuaTeX not detected.
)
Package pdftexcmds Info: LuaTeX not detected.
Package pdftexcmds Info: \pdf@primitive is available.
Package pdftexcmds Info: \pdf@ifprimitive is available.
Package pdftexcmds Info: \pdfdraftmode found.
)
(/usr/share/texlive/texmf-dist/tex/latex/oberdiek/epstopdf-base.sty
Package: epstopdf-base 2010/02/09 v2.5 Base part for package epstopdf

(/usr/share/texlive/texmf-dist/tex/latex/oberdiek/grfext.sty
Package: grfext 2010/08/19 v1.1 Manage graphics extensions (HO)

(/usr/share/texlive/texmf-dist/tex/generic/oberdiek/kvdefinekeys.sty
Package: kvdefinekeys 2011/04/07 v1.3 Define keys (HO)
))
(/usr/share/texlive/texmf-dist/tex/latex/oberdiek/kvoptions.sty
Package: kvoptions 2011/06/30 v3.11 Key value format for package options (HO)

(/usr/share/texlive/texmf-dist/tex/generic/oberdiek/kvsetkeys.sty
Package: kvsetkeys 2012/04/25 v1.16 Key value parser (HO)

(/usr/share/texlive/texmf-dist/tex/generic/oberdiek/etexcmds.sty
Package: etexcmds 2011/02/16 v1.5 Avoid name clashes with e-TeX commands (HO)
Package etexcmds Info: Could not find \expanded.
(etexcmds)             That can mean that you are not using pdfTeX 1.50 or
(etexcmds)             that some package has redefined \expanded.
(etexcmds)             In the latter case, load this package earlier.
)))
Package grfext Info: Graphics extension search list:
(grfext)             [.png,.pdf,.jpg,.mps,.jpeg,.jbig2,.jb2,.PNG,.PDF,.JPG,.JPE
G,.JBIG2,.JB2,.eps]
(grfext)             \AppendGraphicsExtensions on input line 452.

(/usr/share/texlive/texmf-dist/tex/latex/latexconfig/epstopdf-sys.cfg
File: epstopdf-sys.cfg 2010/07/13 v1.3 Configuration of (r)epstopdf for TeX Liv
e
))
\c@lstlisting=\count119

(./sections/title.tex
LaTeX Font Info:    Try loading font information for U+msa on input line 30.
 (/usr/share/texlive/texmf-dist/tex/latex/amsfonts/umsa.fd
File: umsa.fd 2013/01/14 v3.01 AMS symbols A
)
LaTeX Font Info:    Try loading font information for U+msb on input line 30.
 (/usr/share/texlive/texmf-dist/tex/latex/amsfonts/umsb.fd
File: umsb.fd 2013/01/14 v3.01 AMS symbols B
) [1

{/var/lib/texmf/fonts/map/pdftex/updmap/pdftex.map}]) (./report.toc)
\tf@toc=\write3
\openout3 = `report.toc'.

 [1]
(./sections/implementation.tex
Underfull \hbox (badness 10000) in paragraph at lines 4--20

 []


Underfull \hbox (badness 10000) in paragraph at lines 4--20

 []


Underfull \hbox (badness 10000) in paragraph at lines 4--20

 []


Overfull \hbox (4.75006pt too wide) in paragraph at lines 4--20
[][] 
 []


Underfull \hbox (badness 10000) in paragraph at lines 4--20

 []


Underfull \hbox (badness 10000) in paragraph at lines 4--20

 []


Underfull \hbox (badness 10000) in paragraph at lines 4--20

 []

LaTeX Font Info:    Try loading font information for OMS+cmr on input line 24.
(/usr/share/texlive/texmf-dist/tex/latex/base/omscmr.fd
File: omscmr.fd 1999/05/25 v2.5h Standard LaTeX font definitions
)
LaTeX Font Info:    Font shape `OMS/cmr/m/n' in size <12> not available
(Font)              Font shape `OMS/cmsy/m/n' tried instead on input line 24.

Underfull \hbox (badness 10000) in paragraph at lines 30--39

 []


Underfull \hbox (badness 10000) in paragraph at lines 30--39

 []

[2]
Underfull \hbox (badness 10000) in paragraph at lines 40--43

 []


Underfull \hbox (badness 10000) in paragraph at lines 48--59

 []


Underfull \hbox (badness 10000) in paragraph at lines 48--59

 []


Underfull \hbox (badness 10000) in paragraph at lines 48--59

 []

) (./sections/experiments.tex
Underfull \hbox (badness 10000) in paragraph at lines 3--16

 []

[3]
Overfull \hbox (36.26889pt too wide) in paragraph at lines 35--36
[]\OT1/cmr/m/n/12 Crossover|Mutation bal-ance - [1|0,0.95|0.05,0.9|0.1,0.75|0.2
5,0.5|0.5,0.25|0.75,0|1] 
 []

[4]
Underfull \hbox (badness 10000) in paragraph at lines 64--70

 []


Underfull \hbox (badness 10000) in paragraph at lines 107--109

 []

[5]
<sections/img/specific/xalt_edges/general_1.jpg, id=30, 1442.38875pt x 594.22pt
>
File: sections/img/specific/xalt_edges/general_1.jpg Graphic file (type jpg)
 <use sections/img/specific/xalt_edges/general_1.jpg>
Package pdftex.def Info: sections/img/specific/xalt_edges/general_1.jpg used on
 input line 127.
(pdftex.def)             Requested size: 369.88582pt x 152.38092pt.

<sections/img/specific/xalt_edges/general_2.jpg, id=31, 1448.41125pt x 594.22pt
>
File: sections/img/specific/xalt_edges/general_2.jpg Graphic file (type jpg)
 <use sections/img/specific/xalt_edges/general_2.jpg>
Package pdftex.def Info: sections/img/specific/xalt_edges/general_2.jpg used on
 input line 136.
(pdftex.def)             Requested size: 369.88582pt x 151.74623pt.

Underfull \hbox (badness 10000) in paragraph at lines 131--147

 []


Underfull \hbox (badness 10000) in paragraph at lines 131--147

 []

[6 <./sections/img/specific/xalt_edges/general_1.jpg> <./sections/img/specific/
xalt_edges/general_2.jpg>]
<sections/img/specific/xalt_edges/general_3.jpg, id=37, 1446.40375pt x 598.235p
t>
File: sections/img/specific/xalt_edges/general_3.jpg Graphic file (type jpg)
 <use sections/img/specific/xalt_edges/general_3.jpg>
Package pdftex.def Info: sections/img/specific/xalt_edges/general_3.jpg used on
 input line 151.
(pdftex.def)             Requested size: 256.0748pt x 105.90675pt.

<sections/img/specific/xalt_edges/general_4.jpg, id=38, 1442.38875pt x 590.205p
t>
File: sections/img/specific/xalt_edges/general_4.jpg Graphic file (type jpg)
 <use sections/img/specific/xalt_edges/general_4.jpg>
Package pdftex.def Info: sections/img/specific/xalt_edges/general_4.jpg used on
 input line 153.
(pdftex.def)             Requested size: 256.0748pt x 104.78238pt.

Overfull \hbox (45.00566pt too wide) in paragraph at lines 148--154
[]  [] 
 []


<sections/img/specific/xalt_edges/general_5.jpg, id=39, 1438.37375pt x 600.2425
pt>
File: sections/img/specific/xalt_edges/general_5.jpg Graphic file (type jpg)
 <use sections/img/specific/xalt_edges/general_5.jpg>
Package pdftex.def Info: sections/img/specific/xalt_edges/general_5.jpg used on
 input line 157.
(pdftex.def)             Requested size: 369.88582pt x 154.3558pt.

Underfull \hbox (badness 10000) in paragraph at lines 160--171

 []

[7 <./sections/img/specific/xalt_edges/general_3.jpg> <./sections/img/specific/
xalt_edges/general_4.jpg> <./sections/img/specific/xalt_edges/general_5.jpg>]
<sections/img/specific/xalt_edges/general_6.jpg, id=43, 1430.34375pt x 588.1975
pt>
File: sections/img/specific/xalt_edges/general_6.jpg Graphic file (type jpg)
 <use sections/img/specific/xalt_edges/general_6.jpg>
Package pdftex.def Info: sections/img/specific/xalt_edges/general_6.jpg used on
 input line 176.
(pdftex.def)             Requested size: 256.0748pt x 105.30554pt.

<sections/img/specific/xalt_edges/general_7.jpg, id=44, 1430.34375pt x 582.175p
t>
File: sections/img/specific/xalt_edges/general_7.jpg Graphic file (type jpg)
 <use sections/img/specific/xalt_edges/general_7.jpg>
Package pdftex.def Info: sections/img/specific/xalt_edges/general_7.jpg used on
 input line 178.
(pdftex.def)             Requested size: 256.0748pt x 104.22733pt.

Overfull \hbox (45.00566pt too wide) in paragraph at lines 173--179
[]  [] 
 []


<sections/img/specific/xalt_edges/general_8.jpg, id=45, 1428.33624pt x 590.205p
t>
File: sections/img/specific/xalt_edges/general_8.jpg Graphic file (type jpg)
 <use sections/img/specific/xalt_edges/general_8.jpg>
Package pdftex.def Info: sections/img/specific/xalt_edges/general_8.jpg used on
 input line 182.
(pdftex.def)             Requested size: 369.88582pt x 152.83728pt.

Overfull \hbox (27.74352pt too wide) in paragraph at lines 185--190
[]\OT1/cmr/m/n/12 The test con-firms the re-sults ob-tained in the gen-eral tes
t. The best ra-tio of crossover|mutation
 []


Underfull \hbox (badness 10000) in paragraph at lines 185--190

 []


Underfull \hbox (badness 10000) in paragraph at lines 191--194

 []

[8 <./sections/img/specific/xalt_edges/general_6.jpg> <./sections/img/specific/
xalt_edges/general_7.jpg> <./sections/img/specific/xalt_edges/general_8.jpg>]
File: sections/img/specific/xalt_edges/general_6.jpg Graphic file (type jpg)

<use sections/img/specific/xalt_edges/general_6.jpg>
Package pdftex.def Info: sections/img/specific/xalt_edges/general_6.jpg used on
 input line 197.
(pdftex.def)             Requested size: 369.88582pt x 152.10202pt.
File: sections/img/specific/xalt_edges/general_7.jpg Graphic file (type jpg)

<use sections/img/specific/xalt_edges/general_7.jpg>
Package pdftex.def Info: sections/img/specific/xalt_edges/general_7.jpg used on
 input line 205.
(pdftex.def)             Requested size: 369.88582pt x 150.54466pt.

Underfull \hbox (badness 10000) in paragraph at lines 207--212

 []


<sections/img/specific/order_crossover/general_1.jpg, id=49, 1425.325pt x 582.1
75pt>
File: sections/img/specific/order_crossover/general_1.jpg Graphic file (type jp
g)
 <use sections/img/specific/order_crossover/general_1.jpg>
Package pdftex.def Info: sections/img/specific/order_crossover/general_1.jpg us
ed on input line 220.
(pdftex.def)             Requested size: 369.88582pt x 151.07767pt.
 [9]
Underfull \hbox (badness 10000) in paragraph at lines 223--231

 []


Underfull \hbox (badness 10000) in paragraph at lines 223--231

 []


<sections/img/specific/order_crossover/general_2.jpg, id=53, 1439.3775pt x 588.
1975pt>
File: sections/img/specific/order_crossover/general_2.jpg Graphic file (type jp
g)
 <use sections/img/specific/order_crossover/general_2.jpg>
Package pdftex.def Info: sections/img/specific/order_crossover/general_2.jpg us
ed on input line 235.
(pdftex.def)             Requested size: 256.0748pt x 104.64137pt.

<sections/img/specific/order_crossover/general_3.jpg, id=54, 1431.3475pt x 582.
175pt>
File: sections/img/specific/order_crossover/general_3.jpg Graphic file (type jp
g)
 <use sections/img/specific/order_crossover/general_3.jpg>
Package pdftex.def Info: sections/img/specific/order_crossover/general_3.jpg us
ed on input line 237.
(pdftex.def)             Requested size: 256.0748pt x 104.14738pt.

Overfull \hbox (45.00566pt too wide) in paragraph at lines 232--238
[]  [] 
 []


<sections/img/specific/order_crossover/general_4.jpg, id=55, 1433.355pt x 588.1
975pt>
File: sections/img/specific/order_crossover/general_4.jpg Graphic file (type jp
g)
 <use sections/img/specific/order_crossover/general_4.jpg>
Package pdftex.def Info: sections/img/specific/order_crossover/general_4.jpg us
ed on input line 241.
(pdftex.def)             Requested size: 369.88582pt x 151.78789pt.

Underfull \hbox (badness 10000) in paragraph at lines 244--254

 []


Underfull \hbox (badness 10000) in paragraph at lines 244--254

 []

[10 <./sections/img/specific/order_crossover/general_1.jpg> <./sections/img/spe
cific/order_crossover/general_2.jpg> <./sections/img/specific/order_crossover/g
eneral_3.jpg> <./sections/img/specific/order_crossover/general_4.jpg>]
<sections/img/specific/order_crossover/general_5.jpg, id=59, 1447.4075pt x 578.
16pt>
File: sections/img/specific/order_crossover/general_5.jpg Graphic file (type jp
g)
 <use sections/img/specific/order_crossover/general_5.jpg>
Package pdftex.def Info: sections/img/specific/order_crossover/general_5.jpg us
ed on input line 256.
(pdftex.def)             Requested size: 369.88582pt x 147.75084pt.

Underfull \hbox (badness 10000) in paragraph at lines 259--264

 []


<sections/img/specific/order_crossover/general_6.jpg, id=60, 1437.37pt x 580.16
75pt>
File: sections/img/specific/order_crossover/general_6.jpg Graphic file (type jp
g)
 <use sections/img/specific/order_crossover/general_6.jpg>
Package pdftex.def Info: sections/img/specific/order_crossover/general_6.jpg us
ed on input line 275.
(pdftex.def)             Requested size: 256.0748pt x 103.35446pt.

<sections/img/specific/order_crossover/general_7.jpg, id=61, 1433.355pt x 584.1
825pt>
File: sections/img/specific/order_crossover/general_7.jpg Graphic file (type jp
g)
 <use sections/img/specific/order_crossover/general_7.jpg>
Package pdftex.def Info: sections/img/specific/order_crossover/general_7.jpg us
ed on input line 277.
(pdftex.def)             Requested size: 256.0748pt x 104.36388pt.

Overfull \hbox (45.00566pt too wide) in paragraph at lines 265--278
[]  [] 
 []


Underfull \hbox (badness 10000) in paragraph at lines 279--288

 []


Underfull \hbox (badness 10000) in paragraph at lines 279--288

 []

[11 <./sections/img/specific/order_crossover/general_5.jpg> <./sections/img/spe
cific/order_crossover/general_6.jpg> <./sections/img/specific/order_crossover/g
eneral_7.jpg>]
File: sections/img/specific/order_crossover/general_7.jpg Graphic file (type jp
g)
 <use sections/img/specific/order_crossover/general_7.jpg>
Package pdftex.def Info: sections/img/specific/order_crossover/general_7.jpg us
ed on input line 290.
(pdftex.def)             Requested size: 369.88582pt x 150.7518pt.
)
(./sections/optional.tex
Underfull \hbox (badness 10000) in paragraph at lines 3--21

 []


Underfull \hbox (badness 10000) in paragraph at lines 3--21

 []

[12]
File: sections/img/specific/order_crossover/general_1.jpg Graphic file (type jp
g)
 <use sections/img/specific/order_crossover/general_1.jpg>
Package pdftex.def Info: sections/img/specific/order_crossover/general_1.jpg us
ed on input line 24.
(pdftex.def)             Requested size: 369.88582pt x 151.07767pt.

Underfull \hbox (badness 10000) in paragraph at lines 27--29

 []


<sections/img/specific/order_crossover/general_8.jpg, id=70, 1421.31pt x 594.22
pt>
File: sections/img/specific/order_crossover/general_8.jpg Graphic file (type jp
g)
 <use sections/img/specific/order_crossover/general_8.jpg>
Package pdftex.def Info: sections/img/specific/order_crossover/general_8.jpg us
ed on input line 32.
(pdftex.def)             Requested size: 369.88582pt x 154.63863pt.

<sections/img/optional/optional_1.jpg, id=71, 1455.4375pt x 600.2425pt>
File: sections/img/optional/optional_1.jpg Graphic file (type jpg)

<use sections/img/optional/optional_1.jpg>
Package pdftex.def Info: sections/img/optional/optional_1.jpg used on input lin
e 41.
(pdftex.def)             Requested size: 369.88582pt x 152.54233pt.

Underfull \hbox (badness 10000) in paragraph at lines 44--47

 []

[13 <./sections/img/specific/order_crossover/general_8.jpg> <./sections/img/opt
ional/optional_1.jpg>]
<sections/img/optional/optional_2.jpg, id=75, 1457.445pt x 600.2425pt>
File: sections/img/optional/optional_2.jpg Graphic file (type jpg)

<use sections/img/optional/optional_2.jpg>
Package pdftex.def Info: sections/img/optional/optional_2.jpg used on input lin
e 50.
(pdftex.def)             Requested size: 426.79134pt x 175.76942pt.

<sections/img/optional/optional_3.jpg, id=76, 1461.46pt x 602.25pt>
File: sections/img/optional/optional_3.jpg Graphic file (type jpg)

<use sections/img/optional/optional_3.jpg>
Package pdftex.def Info: sections/img/optional/optional_3.jpg used on input lin
e 56.
(pdftex.def)             Requested size: 426.79134pt x 175.87024pt.

<sections/img/optional/optional_4.jpg, id=77, 1463.4675pt x 602.25pt>
File: sections/img/optional/optional_4.jpg Graphic file (type jpg)

<use sections/img/optional/optional_4.jpg>
Package pdftex.def Info: sections/img/optional/optional_4.jpg used on input lin
e 61.
(pdftex.def)             Requested size: 426.79134pt x 175.6313pt.

<sections/img/optional/optional_5.jpg, id=78, 1455.4375pt x 604.2575pt>
[14 <./sections/img/optional/optional_2.jpg> <./sections/img/optional/optional_
3.jpg> <./sections/img/optional/optional_4.jpg>]
File: sections/img/optional/optional_5.jpg Graphic file (type jpg)

<use sections/img/optional/optional_5.jpg>
Package pdftex.def Info: sections/img/optional/optional_5.jpg used on input lin
e 66.
(pdftex.def)             Requested size: 426.79134pt x 177.19409pt.

Underfull \hbox (badness 10000) in paragraph at lines 69--82

 []

) (./sections/bibliography.tex
Underfull \hbox (badness 10000) in paragraph at lines 19--22
[]\OT1/cmr/m/n/12 mnemstudio.org \OT1/cmr/m/it/12 Ge-netic al-go-rithms mu-ta-t
ions \OT1/cmr/m/n/12 http://mnemstudio.org/genetic-
 []

) [15 <./sections/img/optional/optional_5.jpg>] (./sections/apendix.tex
(/usr/share/texlive/texmf-dist/tex/latex/listings/lstlang1.sty
File: lstlang1.sty 2013/08/26 1.5b listings language file
)
(../code/tsp_ImprovePopulation.m
LaTeX Font Info:    Try loading font information for OML+cmr on input line 13.

(/usr/share/texlive/texmf-dist/tex/latex/base/omlcmr.fd
File: omlcmr.fd 1999/05/25 v2.5h Standard LaTeX font definitions
)
LaTeX Font Info:    Font shape `OML/cmr/m/n' in size <12> not available
(Font)              Font shape `OML/cmm/m/it' tried instead on input line 13.
) [16]
(../code/run_ga.m [17] [18]) (../code/insertion.m [19])
(../code/order_crossover.m [20]) (../code/order_low_level.m [21])
(../code/tspfun.m [22]) (../code/mutateTSP.m [23]) (../code/run_ga_test.m
[24] [25]) (../code/tspgui_test.m
Overfull \hbox (64.89409pt too wide) in paragraph at lines 5--6
[][][][] 
 []

[26]
Overfull \hbox (64.89409pt too wide) in paragraph at lines 20--22
[][][][] 
 []

[27] [28] [29] [30] [31]) (../code/test.m [32] [33]
Overfull \hbox (64.89409pt too wide) in paragraph at lines 62--63
[][][][] 
 []


Overfull \hbox (64.89409pt too wide) in paragraph at lines 69--71
[][][][] 
 []


Overfull \hbox (64.89409pt too wide) in paragraph at lines 73--74
[][][][] 
 []


Overfull \hbox (64.89409pt too wide) in paragraph at lines 80--82
[][][][] 
 []


Overfull \hbox (64.89409pt too wide) in paragraph at lines 84--86
[][][][] 
 []

[34]
Overfull \hbox (64.89409pt too wide) in paragraph at lines 100--101
[][][][] 
 []


Overfull \hbox (64.89409pt too wide) in paragraph at lines 108--110
[][][][] 
 []

[35] [36] [37] [38]) (../code/select_rr.m [39] [40])
<sections/img/xalt_edges/numberIndiv.jpg, id=165, 878.28125pt x 658.46pt>
File: sections/img/xalt_edges/numberIndiv.jpg Graphic file (type jpg)

<use sections/img/xalt_edges/numberIndiv.jpg>
Package pdftex.def Info: sections/img/xalt_edges/numberIndiv.jpg used on input 
line 50.
(pdftex.def)             Requested size: 341.43306pt x 255.98454pt.

<sections/img/xalt_edges/numberGens.jpg, id=166, 878.28125pt x 658.46pt>
File: sections/img/xalt_edges/numberGens.jpg Graphic file (type jpg)

<use sections/img/xalt_edges/numberGens.jpg>
Package pdftex.def Info: sections/img/xalt_edges/numberGens.jpg used on input l
ine 54.
(pdftex.def)             Requested size: 341.43306pt x 255.98454pt.
 [41 <./sections/img/xalt_edges/numberIndiv.jpg>]
<sections/img/xalt_edges/elitism.jpg, id=170, 878.28125pt x 658.46pt>
File: sections/img/xalt_edges/elitism.jpg Graphic file (type jpg)

<use sections/img/xalt_edges/elitism.jpg>
Package pdftex.def Info: sections/img/xalt_edges/elitism.jpg used on input line
 58.
(pdftex.def)             Requested size: 341.43306pt x 255.98454pt.

<sections/img/xalt_edges/crossMut.jpg, id=171, 878.28125pt x 658.46pt>
File: sections/img/xalt_edges/crossMut.jpg Graphic file (type jpg)

<use sections/img/xalt_edges/crossMut.jpg>
Package pdftex.def Info: sections/img/xalt_edges/crossMut.jpg used on input lin
e 62.
(pdftex.def)             Requested size: 341.43306pt x 255.98454pt.
 [42 <./sections/img/xalt_edges/numberGens.jpg> <./sections/img/xalt_edges/elit
ism.jpg>]
<sections/img/order_crossover/numberIndiv.jpg, id=176, 878.28125pt x 658.46pt>
File: sections/img/order_crossover/numberIndiv.jpg Graphic file (type jpg)

<use sections/img/order_crossover/numberIndiv.jpg>
Package pdftex.def Info: sections/img/order_crossover/numberIndiv.jpg used on i
nput line 66.
(pdftex.def)             Requested size: 341.43306pt x 255.98454pt.

<sections/img/order_crossover/numberGens.jpg, id=177, 878.28125pt x 658.46pt>
File: sections/img/order_crossover/numberGens.jpg Graphic file (type jpg)

<use sections/img/order_crossover/numberGens.jpg>
Package pdftex.def Info: sections/img/order_crossover/numberGens.jpg used on in
put line 70.
(pdftex.def)             Requested size: 341.43306pt x 255.98454pt.
 [43 <./sections/img/xalt_edges/crossMut.jpg> <./sections/img/order_crossover/n
umberIndiv.jpg>]
<sections/img/order_crossover/elitism.jpg, id=181, 878.28125pt x 658.46pt>
File: sections/img/order_crossover/elitism.jpg Graphic file (type jpg)

<use sections/img/order_crossover/elitism.jpg>
Package pdftex.def Info: sections/img/order_crossover/elitism.jpg used on input
 line 74.
(pdftex.def)             Requested size: 341.43306pt x 255.98454pt.

<sections/img/order_crossover/crossMut.jpg, id=182, 878.28125pt x 658.46pt>
File: sections/img/order_crossover/crossMut.jpg Graphic file (type jpg)

<use sections/img/order_crossover/crossMut.jpg>
Package pdftex.def Info: sections/img/order_crossover/crossMut.jpg used on inpu
t line 78.
(pdftex.def)             Requested size: 341.43306pt x 255.98454pt.
 [44 <./sections/img/order_crossover/numberGens.jpg> <./sections/img/order_cros
sover/elitism.jpg>]) [45 <./sections/img/order_crossover/crossMut.jpg>] (./repo
rt.aux) ) 
Here is how much of TeX's memory you used:
 6173 strings out of 493304
 85118 string characters out of 6139872
 445800 words of memory out of 5000000
 9446 multiletter control sequences out of 15000+600000
 13527 words of font info for 52 fonts, out of 8000000 for 9000
 957 hyphenation exceptions out of 8191
 38i,8n,47p,425b,1841s stack positions out of 5000i,500n,10000p,200000b,80000s
</usr/share/texlive/texmf-dist/fonts/type1/public/amsfonts/cm/cmbx12.p
fb></usr/share/texlive/texmf-dist/fonts/type1/public/amsfonts/cm/cmcsc10.pfb></
usr/share/texlive/texmf-dist/fonts/type1/public/amsfonts/cm/cmex10.pfb></usr/sh
are/texlive/texmf-dist/fonts/type1/public/amsfonts/cm/cmmi12.pfb></usr/share/te
xlive/texmf-dist/fonts/type1/public/amsfonts/cm/cmr10.pfb></usr/share/texlive/t
exmf-dist/fonts/type1/public/amsfonts/cm/cmr12.pfb></usr/share/texlive/texmf-di
st/fonts/type1/public/amsfonts/cm/cmr6.pfb></usr/share/texlive/texmf-dist/fonts
/type1/public/amsfonts/cm/cmr7.pfb></usr/share/texlive/texmf-dist/fonts/type1/p
ublic/amsfonts/cm/cmr8.pfb></usr/share/texlive/texmf-dist/fonts/type1/public/am
sfonts/cm/cmsy10.pfb></usr/share/texlive/texmf-dist/fonts/type1/public/amsfonts
/cm/cmti12.pfb></usr/share/texlive/texmf-dist/fonts/type1/public/amsfonts/cm/cm
tt12.pfb>
Output written on report.pdf (46 pages, 11023893 bytes).
PDF statistics:
 231 PDF objects out of 1000 (max. 8388607)
 140 compressed objects within 2 object streams
 0 named destinations out of 1000 (max. 500000)
 146 words of extra memory for PDF output out of 10000 (max. 10000000)

